# JRE version: Java(TM) SE Runtime Environment (8.0_212-b10) (build 1.8.0_212-b10)
# Java VM: Java HotSpot(TM) 64-Bit Server VM (25.212-b10 mixed mode windows-amd64 compressed oops)
Heap:
 PSYoungGen      total 117760K, used 109025K [0x000000076af80000, 0x0000000772d80000, 0x00000007c0000000)
  eden space 107008K, 91% used [0x000000076af80000,0x0000000770f7a4f8,0x0000000771800000)
  from space 10752K, 99% used [0x0000000772280000,0x0000000772cfe130,0x0000000772d00000)
  to   space 10752K, 0% used [0x0000000771800000,0x0000000771800000,0x0000000772280000)
 ParOldGen       total 91648K, used 21458K [0x00000006c0e00000, 0x00000006c6780000, 0x000000076af80000)
  object space 91648K, 23% used [0x00000006c0e00000,0x00000006c22f4840,0x00000006c6780000)
 Metaspace       used 52837K, capacity 55377K, committed 55680K, reserved 1097728K
  class space    used 7501K, capacity 7970K, committed 8064K, reserved 1048576K
GC Heap History (10 events):
Event: 3.014 GC heap before
{Heap before GC invocations=8 (full 1):
 PSYoungGen      total 117760K, used 71512K [0x000000076af80000, 0x0000000772d80000, 0x00000007c0000000)
  eden space 107008K, 59% used [0x000000076af80000,0x000000076ed37db8,0x0000000771800000)
  from space 10752K, 77% used [0x0000000772280000,0x0000000772a9e3f0,0x0000000772d00000)
  to   space 10752K, 0% used [0x0000000771800000,0x0000000771800000,0x0000000772280000)
 ParOldGen       total 91648K, used 6587K [0x00000006c0e00000, 0x00000006c6780000, 0x000000076af80000)
  object space 91648K, 7% used [0x00000006c0e00000,0x00000006c146eee0,0x00000006c6780000)
 Metaspace       used 33759K, capacity 35453K, committed 35496K, reserved 1079296K
  class space    used 4485K, capacity 4821K, committed 4864K, reserved 1048576K
Event: 3.021 GC heap after
Heap after GC invocations=8 (full 1):
 PSYoungGen      total 117760K, used 10738K [0x000000076af80000, 0x0000000772d80000, 0x00000007c0000000)
  eden space 107008K, 0% used [0x000000076af80000,0x000000076af80000,0x0000000771800000)
  from space 10752K, 99% used [0x0000000771800000,0x000000077227c8c0,0x0000000772280000)
  to   space 10752K, 0% used [0x0000000772280000,0x0000000772280000,0x0000000772d00000)
 ParOldGen       total 91648K, used 10564K [0x00000006c0e00000, 0x00000006c6780000, 0x000000076af80000)
  object space 91648K, 11% used [0x00000006c0e00000,0x00000006c18511d8,0x00000006c6780000)
 Metaspace       used 33759K, capacity 35453K, committed 35496K, reserved 1079296K
  class space    used 4485K, capacity 4821K, committed 4864K, reserved 1048576K
}
Event: 3.021 GC heap before
{Heap before GC invocations=9 (full 2):
 PSYoungGen      total 117760K, used 10738K [0x000000076af80000, 0x0000000772d80000, 0x00000007c0000000)
  eden space 107008K, 0% used [0x000000076af80000,0x000000076af80000,0x0000000771800000)
  from space 10752K, 99% used [0x0000000771800000,0x000000077227c8c0,0x0000000772280000)
  to   space 10752K, 0% used [0x0000000772280000,0x0000000772280000,0x0000000772d00000)
 ParOldGen       total 91648K, used 10564K [0x00000006c0e00000, 0x00000006c6780000, 0x000000076af80000)
  object space 91648K, 11% used [0x00000006c0e00000,0x00000006c18511d8,0x00000006c6780000)
 Metaspace       used 33759K, capacity 35453K, committed 35496K, reserved 1079296K
  class space    used 4485K, capacity 4821K, committed 4864K, reserved 1048576K
Event: 3.060 GC heap after
Heap after GC invocations=9 (full 2):
 PSYoungGen      total 117760K, used 0K [0x000000076af80000, 0x0000000772d80000, 0x00000007c0000000)
  eden space 107008K, 0% used [0x000000076af80000,0x000000076af80000,0x0000000771800000)
  from space 10752K, 0% used [0x0000000771800000,0x0000000771800000,0x0000000772280000)
  to   space 10752K, 0% used [0x0000000772280000,0x0000000772280000,0x0000000772d00000)
 ParOldGen       total 91648K, used 19234K [0x00000006c0e00000, 0x00000006c6780000, 0x000000076af80000)
  object space 91648K, 20% used [0x00000006c0e00000,0x00000006c20c89f0,0x00000006c6780000)
 Metaspace       used 33759K, capacity 35453K, committed 35496K, reserved 1079296K
  class space    used 4485K, capacity 4821K, committed 4864K, reserved 1048576K
}
Event: 3.715 GC heap before
{Heap before GC invocations=10 (full 2):
 PSYoungGen      total 117760K, used 107008K [0x000000076af80000, 0x0000000772d80000, 0x00000007c0000000)
  eden space 107008K, 100% used [0x000000076af80000,0x0000000771800000,0x0000000771800000)
  from space 10752K, 0% used [0x0000000771800000,0x0000000771800000,0x0000000772280000)
  to   space 10752K, 0% used [0x0000000772280000,0x0000000772280000,0x0000000772d00000)
 ParOldGen       total 91648K, used 19234K [0x00000006c0e00000, 0x00000006c6780000, 0x000000076af80000)
  object space 91648K, 20% used [0x00000006c0e00000,0x00000006c20c89f0,0x00000006c6780000)
 Metaspace       used 42315K, capacity 44131K, committed 44288K, reserved 1087488K
  class space    used 5781K, capacity 6114K, committed 6144K, reserved 1048576K
Event: 3.718 GC heap after
Heap after GC invocations=10 (full 2):
 PSYoungGen      total 117760K, used 9258K [0x000000076af80000, 0x0000000772d80000, 0x00000007c0000000)
  eden space 107008K, 0% used [0x000000076af80000,0x000000076af80000,0x0000000771800000)
  from space 10752K, 86% used [0x0000000772280000,0x0000000772b8a840,0x0000000772d00000)
  to   space 10752K, 0% used [0x0000000771800000,0x0000000771800000,0x0000000772280000)
 ParOldGen       total 91648K, used 19242K [0x00000006c0e00000, 0x00000006c6780000, 0x000000076af80000)
  object space 91648K, 20% used [0x00000006c0e00000,0x00000006c20ca9f0,0x00000006c6780000)
 Metaspace       used 42315K, capacity 44131K, committed 44288K, reserved 1087488K
  class space    used 5781K, capacity 6114K, committed 6144K, reserved 1048576K
}
Event: 4.260 GC heap before
{Heap before GC invocations=11 (full 2):
 PSYoungGen      total 117760K, used 116266K [0x000000076af80000, 0x0000000772d80000, 0x00000007c0000000)
  eden space 107008K, 100% used [0x000000076af80000,0x0000000771800000,0x0000000771800000)
  from space 10752K, 86% used [0x0000000772280000,0x0000000772b8a840,0x0000000772d00000)
  to   space 10752K, 0% used [0x0000000771800000,0x0000000771800000,0x0000000772280000)
 ParOldGen       total 91648K, used 19242K [0x00000006c0e00000, 0x00000006c6780000, 0x000000076af80000)
  object space 91648K, 20% used [0x00000006c0e00000,0x00000006c20ca9f0,0x00000006c6780000)
 Metaspace       used 47467K, capacity 49535K, committed 49664K, reserved 1091584K
  class space    used 6675K, capacity 7068K, committed 7168K, reserved 1048576K
Event: 4.264 GC heap after
Heap after GC invocations=11 (full 2):
 PSYoungGen      total 117760K, used 10750K [0x000000076af80000, 0x0000000772d80000, 0x00000007c0000000)
  eden space 107008K, 0% used [0x000000076af80000,0x000000076af80000,0x0000000771800000)
  from space 10752K, 99% used [0x0000000771800000,0x000000077227f9a0,0x0000000772280000)
  to   space 10752K, 0% used [0x0000000772280000,0x0000000772280000,0x0000000772d00000)
 ParOldGen       total 91648K, used 19511K [0x00000006c0e00000, 0x00000006c6780000, 0x000000076af80000)
  object space 91648K, 21% used [0x00000006c0e00000,0x00000006c210dce0,0x00000006c6780000)
 Metaspace       used 47467K, capacity 49535K, committed 49664K, reserved 1091584K
  class space    used 6675K, capacity 7068K, committed 7168K, reserved 1048576K
}
Event: 4.665 GC heap before
{Heap before GC invocations=12 (full 2):
 PSYoungGen      total 117760K, used 117758K [0x000000076af80000, 0x0000000772d80000, 0x00000007c0000000)
  eden space 107008K, 100% used [0x000000076af80000,0x0000000771800000,0x0000000771800000)
  from space 10752K, 99% used [0x0000000771800000,0x000000077227f9a0,0x0000000772280000)
  to   space 10752K, 0% used [0x0000000772280000,0x0000000772280000,0x0000000772d00000)
 ParOldGen       total 91648K, used 19511K [0x00000006c0e00000, 0x00000006c6780000, 0x000000076af80000)
  object space 91648K, 21% used [0x00000006c0e00000,0x00000006c210dce0,0x00000006c6780000)
 Metaspace       used 49527K, capacity 51869K, committed 52096K, reserved 1093632K
  class space    used 7013K, capacity 7450K, committed 7552K, reserved 1048576K
Event: 4.671 GC heap after
Heap after GC invocations=12 (full 2):
 PSYoungGen      total 117760K, used 10744K [0x000000076af80000, 0x0000000772d80000, 0x00000007c0000000)
  eden space 107008K, 0% used [0x000000076af80000,0x000000076af80000,0x0000000771800000)
  from space 10752K, 99% used [0x0000000772280000,0x0000000772cfe130,0x0000000772d00000)
  to   space 10752K, 0% used [0x0000000771800000,0x0000000771800000,0x0000000772280000)
 ParOldGen       total 91648K, used 21458K [0x00000006c0e00000, 0x00000006c6780000, 0x000000076af80000)
  object space 91648K, 23% used [0x00000006c0e00000,0x00000006c22f4840,0x00000006c6780000)
 Metaspace       used 49527K, capacity 51869K, committed 52096K, reserved 1093632K
  class space    used 7013K, capacity 7450K, committed 7552K, reserved 1048576K
}

